[LOG] System::create                           : Header version = 1.09.06. Current version = 1.09.06.
[LOG] Manager::init                            : maxchannels = 256 studioflags = 00000006 flags 00000000 extradriverdata 0000000000000000.
[LOG] SystemI::init                            : FMOD Studio Version: 00010906 (88495)
[LOG] SystemI::init                            : maxchannels = 256, flags = 00020000, extradriverdata = 0000000000000000
[LOG] SystemI::setOutputInternal               : Setting output to type 0
[LOG] SystemI::setOutputInternal               : Setting output to type 8
[LOG] SystemI::setOutputInternal               : Setting output to type 8
[LOG] OutputWASAPI::init                       : Mix Format (WAVEFORMATEX): wFormatTag=0xFFFE, nChannels=2, nSamplesPerSec=48000, nAvgBytesPerSec=384000, nBlockAlign=8, wBitsPerSample=32, cbSize=22.
[LOG] OutputWASAPI::init                       : Mix Format (WAVEFORMATEXTENSIBLE): wValidBitsPerSample=32, dwChannelMask=0x00000003, SubFormat=00000003-0000-0010-8000-00AA00389B71.
[LOG] OutputWASAPI::init                       : Output buffer size: 4096 samples, latency: 0.00ms, period: 10.00ms, DSP buffer: 1024 * 4
[LOG] SystemI::init                            : Create master channel group and master sound group.
[LOG] SystemI::init                            : Set up emulated output.  256 channels
[LOG] SystemI::init                            : create the channel pool
[LOG] SystemI::init                            : create the stream thread
[LOG] Thread::initThread                       : Init FMOD stream thread. Priority: 2, Stack Size: 65536, Semaphore: No, Sleep Time: 10, Looping: Yes.
[LOG] Thread::initThread                       : Init FMOD mixer thread. Priority: 3, Stack Size: 49152, Semaphore: No, Sleep Time: 0, Looping: Yes.
[LOG] AsyncManager::init                       : manager 000000008496AD58 isAsync 0 updatePeriod 0.02
[LOG] AsyncManager::init                       : done
[LOG] PlaybackSystem::init                     : 
[LOG] Thread::initThread                       : Init FMOD Studio sample load thread. Priority: 0, Stack Size: 65536, Semaphore: No, Sleep Time: 1, Looping: No.
[LOG] PlaybackSystem::init                     : done
[LOG] Thread::initThread                       : Init FMOD Studio bank load thread. Priority: 0, Stack Size: 65536, Semaphore: No, Sleep Time: 1, Looping: No.
[LOG] Manager::init                            : done.
[LOG] Manager::readBank                        : fileversion = 88, compatVersion = 86 (oldest = 44, newest = 88)
[LOG] SystemI::mixerResume                     : Resuming output.
[LOG] Manager::readBank                        : fileversion = 88, compatVersion = 86 (oldest = 44, newest = 88)
[LOG] Manager::readBank                        : fileversion = 88, compatVersion = 86 (oldest = 44, newest = 88)
[LOG] Manager::readBank                        : fileversion = 88, compatVersion = 86 (oldest = 44, newest = 88)
[LOG] Manager::readBank                        : fileversion = 88, compatVersion = 86 (oldest = 44, newest = 88)
[LOG] Manager::readBank                        : fileversion = 88, compatVersion = 86 (oldest = 44, newest = 88)
[LOG] PlaybackSystem::acquireMasterBus         : Setting master channel group format to 6
[LOG] SoundI::release                          :  (0000000084A7DF08)
[LOG] SoundI::release                          : release subsounds. (0000000084A7DF08)
[LOG] SoundI::release                          :     Walking outside for the first time (00000000618B3AE8)
[LOG] SoundI::release                          :     done
[LOG] SoundI::release                          : release codec. (0000000084A7DF08)
[LOG] SoundI::release                          : done
[LOG] SoundI::release                          :  (0000000083DC2EA8)
[LOG] SoundI::release                          : release subsounds. (0000000083DC2EA8)
[LOG] SoundI::release                          :     Baby Cot (0000000084845728)
[LOG] SoundI::release                          :     done
[LOG] SoundI::release                          : release codec. (0000000083DC2EA8)
[LOG] SoundI::release                          : done
[LOG] SoundI::release                          :  (0000000083DC3E78)
[LOG] SoundI::release                          : release subsounds. (0000000083DC3E78)
[LOG] SoundI::release                          :     Swings - Weee (0000000084844D68)
[LOG] SoundI::release                          :     done
[LOG] SoundI::release                          : release codec. (0000000083DC3E78)
[LOG] SoundI::release                          : done
[LOG] SoundI::release                          :  (0000000083DC3FE8)
[LOG] SoundI::release                          : release subsounds. (0000000083DC3FE8)
[LOG] SoundI::release                          :     Swings - The hrs spent here (00000000848460E8)
[LOG] SoundI::release                          :     done
[LOG] SoundI::release                          : release codec. (0000000083DC3FE8)
[LOG] SoundI::release                          : done
[LOG] SoundI::release                          :  (00000000848E0A48)
[LOG] SoundI::release                          : release subsounds. (00000000848E0A48)
[LOG] SoundI::release                          :     Teddy Bear - oh Teddy (000000008425CB88)
[LOG] SoundI::release                          :     done
[LOG] SoundI::release                          : release codec. (00000000848E0A48)
[LOG] SoundI::release                          : done
[LOG] SoundI::release                          :  (000000006162F0A8)
[LOG] SoundI::release                          : release subsounds. (000000006162F0A8)
[LOG] SoundI::release                          :     Teddy Bear - Put away (0000000084847AE8)
[LOG] SoundI::release                          :     done
[LOG] SoundI::release                          : release codec. (000000006162F0A8)
[LOG] SoundI::release                          : done
[LOG] SoundI::release                          :  (00000000848DF908)
[LOG] SoundI::release                          : release subsounds. (00000000848DF908)
[LOG] SoundI::release                          :     Piano - Never Learnt (0000000083BEFB98)
[LOG] SoundI::release                          :     done
[LOG] SoundI::release                          : release codec. (00000000848DF908)
[LOG] SoundI::release                          : done
[LOG] SoundI::release                          :  (000000006162F668)
[LOG] SoundI::release                          : release subsounds. (000000006162F668)
[LOG] SoundI::release                          :     Piano - sitting around (0000000084847468)
[LOG] SoundI::release                          :     done
[LOG] SoundI::release                          : release codec. (000000006162F668)
[LOG] SoundI::release                          : done
[LOG] SoundI::release                          :  (00000000848E0E98)
[LOG] SoundI::release                          : release subsounds. (00000000848E0E98)
[LOG] SoundI::release                          :     Piano - Teach to play (000000008425B808)
[LOG] SoundI::release                          :     done
[LOG] SoundI::release                          : release codec. (00000000848E0E98)
[LOG] SoundI::release                          : done
[LOG] SoundI::release                          :  (00000000848E08D8)
[LOG] SoundI::release                          : release subsounds. (00000000848E08D8)
[LOG] SoundI::release                          :     Kitchen - This place is a mess (000000008425C9E8)
[LOG] SoundI::release                          :     done
[LOG] SoundI::release                          : release codec. (00000000848E08D8)
[LOG] SoundI::release                          : done
[LOG] SoundI::release                          :  (0000000084A7C978)
[LOG] SoundI::release                          : release subsounds. (0000000084A7C978)
[LOG] SoundI::release                          :     Broccoli monster painting (000000005628E628)
[LOG] SoundI::release                          :     done
[LOG] SoundI::release                          : release codec. (0000000084A7C978)
[LOG] SoundI::release                          : done
[LOG] SoundI::release                          :  (000000006162EF38)
[LOG] SoundI::release                          : release subsounds. (000000006162EF38)
[LOG] SoundI::release                          :     Waking up (0000000084844068)
[LOG] SoundI::release                          :     done
[LOG] SoundI::release                          : release codec. (000000006162EF38)
[LOG] SoundI::release                          : done
[LOG] SoundI::release                          :  (000000006162F388)
[LOG] SoundI::release                          : release subsounds. (000000006162F388)
[LOG] SoundI::release                          :     Pond - fish thriving (0000000084845A68)
[LOG] SoundI::release                          :     done
[LOG] SoundI::release                          : release codec. (000000006162F388)
[LOG] SoundI::release                          : done
[LOG] SoundI::release                          :  (00000000616304C8)
[LOG] SoundI::release                          : release subsounds. (00000000616304C8)
[LOG] SoundI::release                          :     Pond - Sophie wanted a fish (0000000084846DE8)
[LOG] SoundI::release                          :     done
[LOG] SoundI::release                          : release codec. (00000000616304C8)
[LOG] SoundI::release                          : done
[LOG] SoundI::release                          :  (0000000084A7E4C8)
[LOG] SoundI::release                          : release subsounds. (0000000084A7E4C8)
[LOG] SoundI::release                          :     Umbrella Stand - Lightsabers (00000000618B2AA8)
[LOG] SoundI::release                          :     done
[LOG] SoundI::release                          : release codec. (0000000084A7E4C8)
[LOG] SoundI::release                          : done
[LOG] SoundI::release                          :  (000000006162FF08)
[LOG] SoundI::release                          : release subsounds. (000000006162FF08)
[LOG] SoundI::release                          :     Pink Robe - Smells like her (0000000084846F88)
[LOG] SoundI::release                          :     done
[LOG] SoundI::release                          : release codec. (000000006162FF08)
[LOG] SoundI::release                          : done
[LOG] SoundI::release                          :  (00000000848E0768)
[LOG] SoundI::release                          : release subsounds. (00000000848E0768)
[LOG] SoundI::release                          :     News Articles - Cant believe they thought that (000000008425B4C8)
[LOG] SoundI::release                          :     done
[LOG] SoundI::release                          : release codec. (00000000848E0768)
[LOG] SoundI::release                          : done
[LOG] SoundI::release                          :  (0000000083DC3468)
[LOG] SoundI::release                          : release subsounds. (0000000083DC3468)
[LOG] SoundI::release                          :     News Articles - dwelling on the past (0000000084844548)
[LOG] SoundI::release                          :     done
[LOG] SoundI::release                          : release codec. (0000000083DC3468)
[LOG] SoundI::release                          : done
[LOG] SoundI::release                          :  (0000000083DC4888)
[LOG] SoundI::release                          : release subsounds. (0000000083DC4888)
[LOG] SoundI::release                          :     News Articles - Lingering on what cant be changed (0000000084844888)
[LOG] SoundI::release                          :     done
[LOG] SoundI::release                          : release codec. (0000000083DC4888)
[LOG] SoundI::release                          : done
[LOG] SoundI::release                          :  (000000006162FD98)
[LOG] SoundI::release                          : release subsounds. (000000006162FD98)
[LOG] SoundI::release                          :     Lawn Mower - grass is getting long (0000000084845DA8)
[LOG] SoundI::release                          :     done
[LOG] SoundI::release                          : release codec. (000000006162FD98)
[LOG] SoundI::release                          : done
[LOG] SoundI::release                          :  (0000000061630A88)
[LOG] SoundI::release                          : release subsounds. (0000000061630A88)
[LOG] SoundI::release                          :     Lawn Mower - Mowing was always my job (0000000084847E28)
[LOG] SoundI::release                          :     done
[LOG] SoundI::release                          : release codec. (0000000061630A88)
[LOG] SoundI::release                          : done
[LOG] SoundI::release                          :  (00000000848E0D28)
[LOG] SoundI::release                          : release subsounds. (00000000848E0D28)
[LOG] SoundI::release                          :     Boxes in baby room - Don't Wanna go through (000000008425B328)
[LOG] SoundI::release                          :     done
[LOG] SoundI::release                          : release codec. (00000000848E0D28)
[LOG] SoundI::release                          : done
[LOG] SoundI::release                          :  (0000000084A7D0A8)
[LOG] SoundI::release                          : release subsounds. (0000000084A7D0A8)
[LOG] SoundI::release                          :     Boxes in baby room - Unpack those (00000000618B37A8)
[LOG] SoundI::release                          :     done
[LOG] SoundI::release                          : release codec. (0000000084A7D0A8)
[LOG] SoundI::release                          : done
[LOG] SoundI::release                          :  (0000000084A7DC28)
[LOG] SoundI::release                          : release subsounds. (0000000084A7DC28)
[LOG] SoundI::release                          :     Boxes in baby room - Nothing changed (00000000618A7CE8)
[LOG] SoundI::release                          :     done
[LOG] SoundI::release                          : release codec. (0000000084A7DC28)
[LOG] SoundI::release                          : done
[LOG] SoundI::release                          :  (0000000084A7E638)
[LOG] SoundI::release                          : release subsounds. (0000000084A7E638)
[LOG] SoundI::release                          :     Boxes in baby room - Don't Wanna go through - Happy (00000000618AFEC8)
[LOG] SoundI::release                          :     done
[LOG] SoundI::release                          : release codec. (0000000084A7E638)
[LOG] SoundI::release                          : done
[LOG] SoundI::release                          :  (0000000061630D68)
[LOG] SoundI::release                          : release subsounds. (0000000061630D68)
[LOG] SoundI::release                          :     Swing (0000000084846908)
[LOG] SoundI::release                          :     done
[LOG] SoundI::release                          : release codec. (0000000061630D68)
[LOG] SoundI::release                          : done
[LOG] SoundI::release                          :  (00000000848E18A8)
[LOG] SoundI::release                          : release subsounds. (00000000848E18A8)
[LOG] SoundI::release                          :     Easal (000000008425BE88)
[LOG] SoundI::release                          :     done
[LOG] SoundI::release                          : release codec. (00000000848E18A8)
[LOG] SoundI::release                          : done
[LOG] SoundI::release                          :  (0000000084A7E358)
[LOG] SoundI::release                          : release subsounds. (0000000084A7E358)
[LOG] SoundI::release                          :     Piano music (00000000618B2428)
[LOG] SoundI::release                          :     done
[LOG] SoundI::release                          : release codec. (0000000084A7E358)
[LOG] SoundI::release                          : done
[LOG] SoundI::release                          :  (00000000848DFA78)
[LOG] SoundI::release                          : release subsounds. (00000000848DFA78)
[LOG] SoundI::release                          :     Sophie's Paintings - cant believe you didnt get accepted - Happyier tone (0000000083BF0218)
[LOG] SoundI::release                          :     done
[LOG] SoundI::release                          : release codec. (00000000848DFA78)
[LOG] SoundI::release                          : done
[LOG] SoundI::release                          :  (0000000084A7D4F8)
[LOG] SoundI::release                          : release subsounds. (0000000084A7D4F8)
[LOG] SoundI::release                          :     Sophie's Paintings - cant believe you didnt get accepted (0000000013A98DC8)
[LOG] SoundI::release                          :     done
[LOG] SoundI::release                          : release codec. (0000000084A7D4F8)
[LOG] SoundI::release                          : done
[LOG] SoundI::release                          :  (00000000848E1B88)
[LOG] SoundI::release                          : release subsounds. (00000000848E1B88)
[LOG] SoundI::release                          :     Stepping into the art studio (0000000083BEFD38)
[LOG] SoundI::release                          :     done
[LOG] SoundI::release                          : release codec. (00000000848E1B88)
[LOG] SoundI::release                          : done
[LOG] SoundI::release                          :  (00000000848DF798)
[LOG] SoundI::release                          : release subsounds. (00000000848DF798)
[LOG] SoundI::release                          :     Flowers in Vase - Reading lounge (0000000083BEF6B8)
[LOG] SoundI::release                          :     done
[LOG] SoundI::release                          : release codec. (00000000848DF798)
[LOG] SoundI::release                          : done
[LOG] SoundI::release                          :  (0000000084A7CC58)
[LOG] SoundI::release                          : release subsounds. (0000000084A7CC58)
[LOG] SoundI::release                          :     TV - Plan 9 from outa space (00000000618B25C8)
[LOG] SoundI::release                          :     done
[LOG] SoundI::release                          : release codec. (0000000084A7CC58)
[LOG] SoundI::release                          : done
[LOG] SoundI::release                          :  (0000000083DC4438)
[LOG] SoundI::release                          : release subsounds. (0000000083DC4438)
[LOG] SoundI::release                          :     Tree - Always said it was good to have fresh fruit ALT (0000000084844A28)
[LOG] SoundI::release                          :     done
[LOG] SoundI::release                          : release codec. (0000000083DC4438)
[LOG] SoundI::release                          : done
[LOG] SoundI::release                          :  (0000000061630638)
[LOG] SoundI::release                          : release subsounds. (0000000061630638)
[LOG] SoundI::release                          :     Tree - Always said it was good to have fresh fruit (00000000848446E8)
[LOG] SoundI::release                          :     done
[LOG] SoundI::release                          : release codec. (0000000061630638)
[LOG] SoundI::release                          : done
[LOG] SoundI::release                          :  (00000000848E0488)
[LOG] SoundI::release                          : release subsounds. (00000000848E0488)
[LOG] SoundI::release                          :     Tree - First planted the tree when we moved in (0000000083BEF518)
[LOG] SoundI::release                          :     done
[LOG] SoundI::release                          : release codec. (00000000848E0488)
[LOG] SoundI::release                          : done
[LOG] SoundI::release                          :  (0000000084A7D218)
[LOG] SoundI::release                          : release subsounds. (0000000084A7D218)
[LOG] SoundI::release                          :     Tree - First planted the tree (00000000618B3948)
[LOG] SoundI::release                          :     done
[LOG] SoundI::release                          : release codec. (0000000084A7D218)
[LOG] SoundI::release                          : done
[LOG] SoundI::release                          :  (0000000083DC3B98)
[LOG] SoundI::release                          : release subsounds. (0000000083DC3B98)
[LOG] SoundI::release                          :     Tree - In luck fresh fruit ALT (00000000848453E8)
[LOG] SoundI::release                          :     done
[LOG] SoundI::release                          : release codec. (0000000083DC3B98)
[LOG] SoundI::release                          : done
[LOG] SoundI::release                          :  (000000006162FC28)
[LOG] SoundI::release                          : release subsounds. (000000006162FC28)
[LOG] SoundI::release                          :     Tree - In luck fresh fruit (0000000084847948)
[LOG] SoundI::release                          :     done
[LOG] SoundI::release                          : release codec. (000000006162FC28)
[LOG] SoundI::release                          : done
[LOG] SoundI::release                          :  (0000000084A7D668)
[LOG] SoundI::release                          : release subsounds. (0000000084A7D668)
[LOG] SoundI::release                          :     Tree - Sitting under here (0000000084844F08)
[LOG] SoundI::release                          :     done
[LOG] SoundI::release                          : release codec. (0000000084A7D668)
[LOG] SoundI::release                          : done
[LOG] SoundI::release                          :  (00000000848E15C8)
[LOG] SoundI::release                          : release subsounds. (00000000848E15C8)
[LOG] SoundI::release                          :     Kitchen Window - love the fact you can see the garden (000000008425B188)
[LOG] SoundI::release                          :     done
[LOG] SoundI::release                          : release codec. (00000000848E15C8)
[LOG] SoundI::release                          : done
[LOG] SoundI::release                          :  (0000000061630918)
[LOG] SoundI::release                          : release subsounds. (0000000061630918)
[LOG] SoundI::release                          :     Kitchen Window - Million dollar view (0000000084847608)
[LOG] SoundI::release                          :     done
[LOG] SoundI::release                          : release codec. (0000000061630918)
[LOG] SoundI::release                          : done
[LOG] SoundI::release                          :  (0000000060DF1568)
[LOG] SoundI::release                          : release subsounds. (0000000060DF1568)
[LOG] SoundI::release                          :     Clothes line - leave for an hr ALT (000000008425B668)
[LOG] SoundI::release                          :     done
[LOG] SoundI::release                          : release codec. (0000000060DF1568)
[LOG] SoundI::release                          : done
[LOG] SoundI::release                          :  (0000000084A7DD98)
[LOG] SoundI::release                          : release subsounds. (0000000084A7DD98)
[LOG] SoundI::release                          :     Clothes line - leave for an hr (0000000084846C48)
[LOG] SoundI::release                          :     done
[LOG] SoundI::release                          : release codec. (0000000084A7DD98)
[LOG] SoundI::release                          : done
[LOG] SoundI::release                          :  (00000000616307A8)
[LOG] SoundI::release                          : release subsounds. (00000000616307A8)
[LOG] SoundI::release                          :     Handheld Lamp - Brings Back Memories (00000000848443A8)
[LOG] SoundI::release                          :     done
[LOG] SoundI::release                          : release codec. (00000000616307A8)
[LOG] SoundI::release                          : done
[LOG] SoundI::release                          :  (0000000084A7E078)
[LOG] SoundI::release                          : release subsounds. (0000000084A7E078)
[LOG] SoundI::release                          :     Handheld Lamp - Reminds of childhood ALT (000000005628E968)
[LOG] SoundI::release                          :     done
[LOG] SoundI::release                          : release codec. (0000000084A7E078)
[LOG] SoundI::release                          : done
[LOG] SoundI::release                          :  (0000000084A7D388)
[LOG] SoundI::release                          : release subsounds. (0000000084A7D388)
[LOG] SoundI::release                          :     Handheld Lamp - Reminds of childhood (00000000618A7538)
[LOG] SoundI::release                          :     done
[LOG] SoundI::release                          : release codec. (0000000084A7D388)
[LOG] SoundI::release                          : done
[LOG] SoundI::release                          :  (00000000848E0318)
[LOG] SoundI::release                          : release subsounds. (00000000848E0318)
[LOG] SoundI::release                          :     Handheld Lamp - Wonder if it still works ALT (000000008425C848)
[LOG] SoundI::release                          :     done
[LOG] SoundI::release                          : release codec. (00000000848E0318)
[LOG] SoundI::release                          : done
[LOG] SoundI::release                          :  (0000000060DF1C98)
[LOG] SoundI::release                          : release subsounds. (0000000060DF1C98)
[LOG] SoundI::release                          :     Handheld Lamp - Wonder if it still works (000000008425C368)
[LOG] SoundI::release                          :     done
[LOG] SoundI::release                          : release codec. (0000000060DF1C98)
[LOG] SoundI::release                          : done
[LOG] SoundI::release                          :  (0000000061630BF8)
[LOG] SoundI::release                          : release subsounds. (0000000061630BF8)
[LOG] SoundI::release                          :     Ultra Sound - heart attack (0000000084845248)
[LOG] SoundI::release                          :     done
[LOG] SoundI::release                          : release codec. (0000000061630BF8)
[LOG] SoundI::release                          : done
[LOG] SoundI::release                          :  (0000000084A7D7D8)
[LOG] SoundI::release                          : release subsounds. (0000000084A7D7D8)
[LOG] SoundI::release                          :     Ultra Sound - Pass out (0000000084847128)
[LOG] SoundI::release                          :     done
[LOG] SoundI::release                          : release codec. (0000000084A7D7D8)
[LOG] SoundI::release                          : done
[LOG] SoundI::release                          :  (0000000084A7CAE8)
[LOG] SoundI::release                          : release subsounds. (0000000084A7CAE8)
[LOG] SoundI::release                          :     Fruit basket - Check tree (00000000618B3468)
[LOG] SoundI::release                          :     done
[LOG] SoundI::release                          : release codec. (0000000084A7CAE8)
[LOG] SoundI::release                          : done
[LOG] SoundI::release                          :  (00000000848DFBE8)
[LOG] SoundI::release                          : release subsounds. (00000000848DFBE8)
[LOG] SoundI::release                          :     Fruit basket - Every kitchen need fresh fruit (0000000083BEFED8)
[LOG] SoundI::release                          :     done
[LOG] SoundI::release                          : release codec. (00000000848DFBE8)
[LOG] SoundI::release                          : done
[LOG] SoundI::release                          :  (0000000084A7CF38)
[LOG] SoundI::release                          : release subsounds. (0000000084A7CF38)
[LOG] SoundI::release                          :     water pond (00000000618B2C48)
[LOG] SoundI::release                          :     done
[LOG] SoundI::release                          : release codec. (0000000084A7CF38)
[LOG] SoundI::release                          : done
[LOG] SoundI::release                          :  (0000000084A7E1E8)
[LOG] SoundI::release                          : release subsounds. (0000000084A7E1E8)
[LOG] SoundI::release                          :     Pizza - I bet tthis place isn't even in bussiness anymore (00000000848472C8)
[LOG] SoundI::release                          :     done
[LOG] SoundI::release                          : release codec. (0000000084A7E1E8)
[LOG] SoundI::release                          : done
[LOG] SoundI::release                          :  (000000006162F7D8)
[LOG] SoundI::release                          : release subsounds. (000000006162F7D8)
[LOG] SoundI::release                          :     Pizza - pizza place delivery (0000000084846AA8)
[LOG] SoundI::release                          :     done
[LOG] SoundI::release                          : release codec. (000000006162F7D8)
[LOG] SoundI::release                          : done
[LOG] SoundI::release                          :  (0000000061630078)
[LOG] SoundI::release                          : release subsounds. (0000000061630078)
[LOG] SoundI::release                          :     Pizza - Sick of pizza ALT (0000000084845F48)
[LOG] SoundI::release                          :     done
[LOG] SoundI::release                          : release codec. (0000000061630078)
[LOG] SoundI::release                          : done
[LOG] SoundI::release                          :  (000000006162F218)
[LOG] SoundI::release                          : release subsounds. (000000006162F218)
[LOG] SoundI::release                          :     Pizza - Sick of pizza (0000000084847C88)
[LOG] SoundI::release                          :     done
[LOG] SoundI::release                          : release codec. (000000006162F218)
[LOG] SoundI::release                          : done
[LOG] SoundI::release                          :  (0000000083DC42C8)
[LOG] SoundI::release                          : release subsounds. (0000000083DC42C8)
[LOG] SoundI::release                          :     Pizza - Soo many pizza boxes ALT (0000000084845C08)
[LOG] SoundI::release                          :     done
[LOG] SoundI::release                          : release codec. (0000000083DC42C8)
[LOG] SoundI::release                          : done
[LOG] SoundI::release                          :  (0000000084A7C808)
[LOG] SoundI::release                          : release subsounds. (0000000084A7C808)
[LOG] SoundI::release                          :     Pizza - Soo many pizza boxes (000000005628E2E8)
[LOG] SoundI::release                          :     done
[LOG] SoundI::release                          : release codec. (0000000084A7C808)
[LOG] SoundI::release                          : done
[LOG] SoundI::release                          :  (000000006162F4F8)
[LOG] SoundI::release                          : release subsounds. (000000006162F4F8)
[LOG] SoundI::release                          :     Pizza - UGH pizza (0000000084844208)
[LOG] SoundI::release                          :     done
[LOG] SoundI::release                          : release codec. (000000006162F4F8)
[LOG] SoundI::release                          : done
[LOG] SoundI::release                          :  (0000000083DC3018)
[LOG] SoundI::release                          : release subsounds. (0000000083DC3018)
[LOG] SoundI::release                          :     Seat at pond - sitting alone (0000000084845588)
[LOG] SoundI::release                          :     done
[LOG] SoundI::release                          : release codec. (0000000083DC3018)
[LOG] SoundI::release                          : done
[LOG] SoundI::release                          :  (00000000616301E8)
[LOG] SoundI::release                          : release subsounds. (00000000616301E8)
[LOG] SoundI::release                          :     Fridge door - Get something to eat (0000000084846288)
[LOG] SoundI::release                          :     done
[LOG] SoundI::release                          : release codec. (00000000616301E8)
[LOG] SoundI::release                          : done
[LOG] SoundI::release                          :  (0000000084A7CDC8)
[LOG] SoundI::release                          : release subsounds. (0000000084A7CDC8)
[LOG] SoundI::release                          :     Fridge door - wander what to eat (00000000618B2768)
[LOG] SoundI::release                          :     done
[LOG] SoundI::release                          : release codec. (0000000084A7CDC8)
[LOG] SoundI::release                          : done
[LOG] SoundI::release                          :  (0000000061630358)
[LOG] SoundI::release                          : release subsounds. (0000000061630358)
[LOG] SoundI::release                          :     Final Letter (0000000084846428)
[LOG] SoundI::release                          :     done
[LOG] SoundI::release                          : release codec. (0000000061630358)
[LOG] SoundI::release                          : done
[LOG] SoundI::release                          :  (000000006162F948)
[LOG] SoundI::release                          : release subsounds. (000000006162F948)
[LOG] SoundI::release                          :     Flowers in Vase - Dinning room (00000000848477A8)
[LOG] SoundI::release                          :     done
[LOG] SoundI::release                          : release codec. (000000006162F948)
[LOG] SoundI::release                          : done
[LOG] SoundI::release                          :  (0000000084A7D948)
[LOG] SoundI::release                          : release subsounds. (0000000084A7D948)
[LOG] SoundI::release                          :     Photos on the wall - Too many memories ALT (00000000618A6358)
[LOG] SoundI::release                          :     done
[LOG] SoundI::release                          : release codec. (0000000084A7D948)
[LOG] SoundI::release                          : done
[LOG] SoundI::release                          :  (0000000084A7DAB8)
[LOG] SoundI::release                          : release subsounds. (0000000084A7DAB8)
[LOG] SoundI::release                          :     Photos on the wall - Pull them all down (000000005628FB48)
[LOG] SoundI::release                          :     done
[LOG] SoundI::release                          : release codec. (0000000084A7DAB8)
[LOG] SoundI::release                          : done
[LOG] SoundI::release                          :  (000000006162FAB8)
[LOG] SoundI::release                          : release subsounds. (000000006162FAB8)
[LOG] SoundI::release                          :     Photos on the wall - Too many memories (00000000848450A8)
[LOG] SoundI::release                          :     done
[LOG] SoundI::release                          : release codec. (000000006162FAB8)
[LOG] SoundI::release                          : done
[LOG] SoundI::release                          :  (00000000848DFEC8)
[LOG] SoundI::release                          : release subsounds. (00000000848DFEC8)
[LOG] SoundI::release                          :     Window towards art Studio - Forgot about studio (0000000083BF0558)
[LOG] SoundI::release                          :     done
[LOG] SoundI::release                          : release codec. (00000000848DFEC8)
[LOG] SoundI::release                          : done
[LOG] SoundI::release                          :  (00000000848E05F8)
[LOG] SoundI::release                          : release subsounds. (00000000848E05F8)
[LOG] SoundI::release                          :     Window towards art studio - havent been there since (000000008425CD28)
[LOG] SoundI::release                          :     done
[LOG] SoundI::release                          : release codec. (00000000848E05F8)
[LOG] SoundI::release                          : done
[LOG] Thread::callback                         : FMOD Studio update thread finished.
[LOG] Thread::callback                         : FMOD Studio bank load thread finished.
[LOG] Profile::disconnectAll                   : Profiler disconnecting all clients
[LOG] Thread::callback                         : FMOD Studio sample load thread finished.
[LOG] LiveUpdate::release                      : 
[LOG] LiveUpdate::reset                        : Reset connection (reason Disconnected)
[LOG] SystemI::close                           : 
[LOG] SystemI::close                           : Stop all sounds
[LOG] Thread::callback                         : FMOD stream thread finished.
[LOG] SystemI::close                           : Stream thread destroyed
[LOG] Thread::callback                         : FMOD mixer thread finished.
[LOG] SystemI::close                           : Free master channel group.
[LOG] SystemI::close                           : Remove 'master' sound group.
[LOG] SystemI::close                           : Free software output.
[LOG] SystemI::close                           : Free emulated output.
[LOG] SystemI::close                           : Free channel pool.
[LOG] SystemI::close                           : done.

[LOG] Thread::callback                         : FMOD Studio bank load thread finished.
[LOG] Thread::callback                         : FMOD Studio sample load thread finished.
[LOG] LiveUpdate::release                      : 
[LOG] LiveUpdate::reset                        : Reset connection (reason Disconnected)
[LOG] SystemI::close                           : 
[LOG] SystemI::close                           : Stop all sounds
[LOG] Thread::callback                         : FMOD stream thread finished.
[LOG] SystemI::close                           : Stream thread destroyed
[LOG] Thread::callback                         : FMOD mixer thread finished.
[LOG] SystemI::close                           : Free master channel group.
[LOG] SystemI::close                           : Remove 'master' sound group.
[LOG] SystemI::close                           : Free software output.
[LOG] SystemI::close                           : Free emulated output.
[LOG] SystemI::close                           : Free channel pool.
[LOG] SystemI::close                           : done.

[LOG] System::create                           : Header version = 1.09.06. Current version = 1.09.06.
